build/outputs/logs/manifest-merger-debug-report.txt
-- Merging decision tree log ---
manifest
ADDED from workspace_PswManager\Password\AndroidManifest.xml:2:1-62:12
INJECTED from workspace_PswManager\Password\AndroidManifest.xml:2:1-62:12
INJECTED from workspace_PswManager\Password\AndroidManifest.xml:2:1-62:12
INJECTED from workspace_PswManager\Password\AndroidManifest.xml:2:1-62:12
MERGED from [com.android.support:appcompat-v7:27.1.1] AndroidManifest.xml:17:1-22:12
MERGED from [com.android.support.constraint:constraint-layout:1.1.2] AndroidManifest.xml:2:1-11:12
MERGED from [com.android.support:recyclerview-v7:27.1.1] AndroidManifest.xml:17:1-22:12
MERGED from [com.android.support:support-fragment:27.1.1] AndroidManifest.xml:17:1-22:12
MERGED from [com.android.support:animated-vector-drawable:27.1.1] AndroidManifest.xml:17:1-22:12
MERGED from [com.android.support:support-core-ui:27.1.1] AndroidManifest.xml:17:1-22:12
MERGED from [com.android.support:support-core-utils:27.1.1] AndroidManifest.xml:17:1-22:12
MERGED from [com.android.support:support-vector-drawable:27.1.1] AndroidManifest.xml:17:1-22:12
MERGED from [com.android.support:support-compat:27.1.1] AndroidManifest.xml:17:1-22:12
MERGED from [android.arch.lifecycle:livedata-core:1.1.0] AndroidManifest.xml:17:1-22:12
MERGED from [android.arch.lifecycle:viewmodel:1.1.0] AndroidManifest.xml:17:1-22:12
MERGED from [android.arch.lifecycle:runtime:1.1.0] AndroidManifest.xml:17:1-22:12
MERGED from [android.arch.core:runtime:1.1.0] AndroidManifest.xml:17:1-22:12
INJECTED from workspace_PswManager\Password\AndroidManifest.xml:2:1-62:12
INJECTED from workspace_PswManager\Password\AndroidManifest.xml:2:1-62:12
INJECTED from workspace_PswManager\Password\AndroidManifest.xml:2:1-62:12
	package
		ADDED from workspace_PswManager\Password\AndroidManifest.xml:3:11-37
		INJECTED from workspace_PswManager\Password\AndroidManifest.xml
		INJECTED from workspace_PswManager\Password\AndroidManifest.xml
	android:versionName
		ADDED from workspace_PswManager\Password\AndroidManifest.xml:5:11-36
		INJECTED from workspace_PswManager\Password\AndroidManifest.xml
		INJECTED from workspace_PswManager\Password\AndroidManifest.xml
	xmlns:android
		ADDED from workspace_PswManager\Password\AndroidManifest.xml:2:11-69
	android:versionCode
		ADDED from workspace_PswManager\Password\AndroidManifest.xml:4:11-34
		INJECTED from workspace_PswManager\Password\AndroidManifest.xml
		INJECTED from workspace_PswManager\Password\AndroidManifest.xml
uses-sdk
ADDED from workspace_PswManager\Password\AndroidManifest.xml:7:5-9:40
INJECTED from workspace_PswManager\Password\AndroidManifest.xml:7:5-9:40
INJECTED from workspace_PswManager\Password\AndroidManifest.xml:7:5-9:40
MERGED from [com.android.support:appcompat-v7:27.1.1] AndroidManifest.xml:20:5-44
MERGED from [com.android.support:appcompat-v7:27.1.1] AndroidManifest.xml:20:5-44
MERGED from [com.android.support.constraint:constraint-layout:1.1.2] AndroidManifest.xml:5:5-7:41
MERGED from [com.android.support.constraint:constraint-layout:1.1.2] AndroidManifest.xml:5:5-7:41
MERGED from [com.android.support:recyclerview-v7:27.1.1] AndroidManifest.xml:20:5-44
MERGED from [com.android.support:recyclerview-v7:27.1.1] AndroidManifest.xml:20:5-44
MERGED from [com.android.support:support-fragment:27.1.1] AndroidManifest.xml:20:5-44
MERGED from [com.android.support:support-fragment:27.1.1] AndroidManifest.xml:20:5-44
MERGED from [com.android.support:animated-vector-drawable:27.1.1] AndroidManifest.xml:20:5-44
MERGED from [com.android.support:animated-vector-drawable:27.1.1] AndroidManifest.xml:20:5-44
MERGED from [com.android.support:support-core-ui:27.1.1] AndroidManifest.xml:20:5-44
MERGED from [com.android.support:support-core-ui:27.1.1] AndroidManifest.xml:20:5-44
MERGED from [com.android.support:support-core-utils:27.1.1] AndroidManifest.xml:20:5-44
MERGED from [com.android.support:support-core-utils:27.1.1] AndroidManifest.xml:20:5-44
MERGED from [com.android.support:support-vector-drawable:27.1.1] AndroidManifest.xml:20:5-44
MERGED from [com.android.support:support-vector-drawable:27.1.1] AndroidManifest.xml:20:5-44
MERGED from [com.android.support:support-compat:27.1.1] AndroidManifest.xml:20:5-44
MERGED from [com.android.support:support-compat:27.1.1] AndroidManifest.xml:20:5-44
MERGED from [android.arch.lifecycle:livedata-core:1.1.0] AndroidManifest.xml:20:5-44
MERGED from [android.arch.lifecycle:livedata-core:1.1.0] AndroidManifest.xml:20:5-44
MERGED from [android.arch.lifecycle:viewmodel:1.1.0] AndroidManifest.xml:20:5-44
MERGED from [android.arch.lifecycle:viewmodel:1.1.0] AndroidManifest.xml:20:5-44
MERGED from [android.arch.lifecycle:runtime:1.1.0] AndroidManifest.xml:20:5-44
MERGED from [android.arch.lifecycle:runtime:1.1.0] AndroidManifest.xml:20:5-44
MERGED from [android.arch.core:runtime:1.1.0] AndroidManifest.xml:20:5-44
MERGED from [android.arch.core:runtime:1.1.0] AndroidManifest.xml:20:5-44
INJECTED from workspace_PswManager\Password\AndroidManifest.xml:7:5-9:40
INJECTED from workspace_PswManager\Password\AndroidManifest.xml:7:5-9:40
	android:targetSdkVersion
		ADDED from workspace_PswManager\Password\AndroidManifest.xml:9:9-38
		INJECTED from workspace_PswManager\Password\AndroidManifest.xml
		INJECTED from workspace_PswManager\Password\AndroidManifest.xml
	android:minSdkVersion
		ADDED from workspace_PswManager\Password\AndroidManifest.xml:8:9-35
		INJECTED from workspace_PswManager\Password\AndroidManifest.xml
		INJECTED from workspace_PswManager\Password\AndroidManifest.xml
uses-permission#android.permission.READ_EXTERNAL_STORAGE
ADDED from workspace_PswManager\Password\AndroidManifest.xml:11:5-79
	android:name
		ADDED from workspace_PswManager\Password\AndroidManifest.xml:11:22-77
uses-permission#android.permission.WRITE_EXTERNAL_STORAGE
ADDED from workspace_PswManager\Password\AndroidManifest.xml:12:5-80
	android:name
		ADDED from workspace_PswManager\Password\AndroidManifest.xml:12:22-78
uses-permission#android.permission.READ_PHONE_STATE
ADDED from workspace_PswManager\Password\AndroidManifest.xml:13:5-74
	android:name
		ADDED from workspace_PswManager\Password\AndroidManifest.xml:13:22-72
application
ADDED from workspace_PswManager\Password\AndroidManifest.xml:15:5-60:19
MERGED from [com.android.support.constraint:constraint-layout:1.1.2] AndroidManifest.xml:9:5-20
MERGED from [com.android.support.constraint:constraint-layout:1.1.2] AndroidManifest.xml:9:5-20
	android:label
		ADDED from workspace_PswManager\Password\AndroidManifest.xml:18:9-41
	android:icon
		ADDED from workspace_PswManager\Password\AndroidManifest.xml:17:9-45
	android:allowBackup
		ADDED from workspace_PswManager\Password\AndroidManifest.xml:16:9-35
	android:theme
		ADDED from workspace_PswManager\Password\AndroidManifest.xml:19:9-40
activity#com.nnl.password.activity.InitActivity
ADDED from workspace_PswManager\Password\AndroidManifest.xml:20:9-32:20
	android:screenOrientation
		ADDED from workspace_PswManager\Password\AndroidManifest.xml:22:13-49
	android:label
		ADDED from workspace_PswManager\Password\AndroidManifest.xml:23:13-45
	android:name
		ADDED from workspace_PswManager\Password\AndroidManifest.xml:21:13-66
intent-filter#action:name:android.intent.action.MAIN+category:name:android.intent.category.LAUNCHER
ADDED from workspace_PswManager\Password\AndroidManifest.xml:24:13-28:29
action#android.intent.action.MAIN
ADDED from workspace_PswManager\Password\AndroidManifest.xml:25:17-68
	android:name
		ADDED from workspace_PswManager\Password\AndroidManifest.xml:25:25-66
category#android.intent.category.LAUNCHER
ADDED from workspace_PswManager\Password\AndroidManifest.xml:27:17-76
	android:name
		ADDED from workspace_PswManager\Password\AndroidManifest.xml:27:27-74
intent-filter#action:name:android.intent.action.VIEW
ADDED from workspace_PswManager\Password\AndroidManifest.xml:29:13-31:29
action#android.intent.action.VIEW
ADDED from workspace_PswManager\Password\AndroidManifest.xml:30:17-68
	android:name
		ADDED from workspace_PswManager\Password\AndroidManifest.xml:30:25-66
activity#com.nnl.password.activity.LoginActivity
ADDED from workspace_PswManager\Password\AndroidManifest.xml:33:9-37:20
	android:label
		ADDED from workspace_PswManager\Password\AndroidManifest.xml:35:13-34
	android:windowSoftInputMode
		ADDED from workspace_PswManager\Password\AndroidManifest.xml:36:13-68
	android:name
		ADDED from workspace_PswManager\Password\AndroidManifest.xml:34:13-67
activity#com.nnl.password.activity.SetPasswordActivity
ADDED from workspace_PswManager\Password\AndroidManifest.xml:38:9-42:20
	android:label
		ADDED from workspace_PswManager\Password\AndroidManifest.xml:40:13-40
	android:windowSoftInputMode
		ADDED from workspace_PswManager\Password\AndroidManifest.xml:41:13-68
	android:name
		ADDED from workspace_PswManager\Password\AndroidManifest.xml:39:13-73
activity#com.nnl.password.activity.ContentActivity
ADDED from workspace_PswManager\Password\AndroidManifest.xml:43:9-46:20
	android:label
		ADDED from workspace_PswManager\Password\AndroidManifest.xml:45:13-45
	android:name
		ADDED from workspace_PswManager\Password\AndroidManifest.xml:44:13-69
activity#com.nnl.password.activity.AddItemActivity
ADDED from workspace_PswManager\Password\AndroidManifest.xml:47:9-51:20
	android:label
		ADDED from workspace_PswManager\Password\AndroidManifest.xml:49:13-36
	android:windowSoftInputMode
		ADDED from workspace_PswManager\Password\AndroidManifest.xml:50:13-68
	android:name
		ADDED from workspace_PswManager\Password\AndroidManifest.xml:48:13-69
activity#com.nnl.password.activity.ItemDetailActivity
ADDED from workspace_PswManager\Password\AndroidManifest.xml:52:9-55:20
	android:label
		ADDED from workspace_PswManager\Password\AndroidManifest.xml:54:13-35
	android:name
		ADDED from workspace_PswManager\Password\AndroidManifest.xml:53:13-72
activity#com.nnl.password.activity.RecyclerContentActivity
ADDED from workspace_PswManager\Password\AndroidManifest.xml:56:9-59:20
	android:label
		ADDED from workspace_PswManager\Password\AndroidManifest.xml:58:13-36
	android:name
		ADDED from workspace_PswManager\Password\AndroidManifest.xml:57:13-77